<?xml version="1.0" encoding="utf-8" standalone="no"?>
<test-results xmlns:xsi="http://www.w3.org/2001/XMLSchema-instance" xsi:noNamespaceSchemaLocation="nunit_schema_2.5.xsd" name="Pester" total="102" errors="0" failures="0" not-run="0" inconclusive="0" ignored="0" skipped="0" invalid="0" date="2017-04-19" time="12:52:07">
  <environment user="appveyor" machine-name="APPVEYOR-VM" cwd="C:\projects\cchoco" user-domain="APPVEYOR-VM" platform="Microsoft Windows Server 2012 R2 Datacenter|C:\windows|\Device\Harddisk0\Partition1" nunit-version="2.5.8.0" os-version="6.3.9600" clr-version="4.0.30319.42000" />
  <culture-info current-culture="en-US" current-uiculture="en-US" />
  <test-suite type="TestFixture" name="Pester" executed="True" result="Success" success="True" time="21.613" asserts="0" description="Pester">
    <results>
      <test-suite type="TestFixture" name="C:\projects\cchoco\tests\cChocoInstaller_Tests.ps1" executed="True" result="Success" success="True" time="3.0903" asserts="0" description="C:\projects\cchoco\tests\cChocoInstaller_Tests.ps1">
        <results>
          <test-suite type="TestFixture" name="Testing cChocoInstaller loaded from C:\projects\cchoco\DSCResources\cChocoInstaller\cChocoInstaller.psm1" executed="True" result="Success" success="True" time="3.0903" asserts="0" description="Testing cChocoInstaller loaded from C:\projects\cchoco\DSCResources\cChocoInstaller\cChocoInstaller.psm1">
            <results>
              <test-suite type="TestFixture" name="Testing 'Get-TargetResource'" executed="True" result="Success" success="True" time="3.0903" asserts="0" description="Testing 'Get-TargetResource'">
                <results>
                  <test-case description="DummyTest $true should be $true" name="Testing cChocoInstaller loaded from C:\projects\cchoco\DSCResources\cChocoInstaller\cChocoInstaller.psm1.Testing 'Get-TargetResource'.DummyTest $true should be $true" time="3.0903" asserts="0" success="True" result="Success" executed="True" />
                </results>
              </test-suite>
            </results>
          </test-suite>
        </results>
      </test-suite>
      <test-suite type="TestFixture" name="C:\projects\cchoco\tests\cChocoPackageInstall_Tests.ps1" executed="True" result="Success" success="True" time="1.7509" asserts="0" description="C:\projects\cchoco\tests\cChocoPackageInstall_Tests.ps1">
        <results>
          <test-suite type="TestFixture" name="Testing cChocoPackageInstall loaded from cChocoPackageInstall.psm1" executed="True" result="Success" success="True" time="1.7509" asserts="0" description="Testing cChocoPackageInstall loaded from cChocoPackageInstall.psm1">
            <results>
              <test-suite type="TestFixture" name="Package is not installed" executed="True" result="Success" success="True" time="1.4987" asserts="0" description="Package is not installed">
                <results>
                  <test-case description="Test-TargetResource -ensure 'Present' should return False" name="Testing cChocoPackageInstall loaded from cChocoPackageInstall.psm1.Package is not installed.Test-TargetResource -ensure 'Present' should return False" time="1.3941" asserts="0" success="True" result="Success" executed="True" />
                  <test-case description="Test-TargetResource -ensure 'Absent' should return True" name="Testing cChocoPackageInstall loaded from cChocoPackageInstall.psm1.Package is not installed.Test-TargetResource -ensure 'Absent' should return True" time="0.0241" asserts="0" success="True" result="Success" executed="True" />
                  <test-case description="Test-TargetResource -ensure 'Absent' -version '1.0.0' should return True" name="Testing cChocoPackageInstall loaded from cChocoPackageInstall.psm1.Package is not installed.Test-TargetResource -ensure 'Absent' -version '1.0.0' should return True" time="0.0297" asserts="0" success="True" result="Success" executed="True" />
                  <test-case description="Test-TargetResource -ensure 'Absent' -AutoUpgrade should return True" name="Testing cChocoPackageInstall loaded from cChocoPackageInstall.psm1.Package is not installed.Test-TargetResource -ensure 'Absent' -AutoUpgrade should return True" time="0.0254" asserts="0" success="True" result="Success" executed="True" />
                  <test-case description="Test-TargetResource -ensure 'Absent' -version '1.0.0' -AutoUpgrade should return True" name="Testing cChocoPackageInstall loaded from cChocoPackageInstall.psm1.Package is not installed.Test-TargetResource -ensure 'Absent' -version '1.0.0' -AutoUpgrade should return True" time="0.0255" asserts="0" success="True" result="Success" executed="True" />
                </results>
              </test-suite>
              <test-suite type="TestFixture" name="Package is installed with version 1.0.0" executed="True" result="Success" success="True" time="0.2521" asserts="0" description="Package is installed with version 1.0.0">
                <results>
                  <test-case description="Test-TargetResource -ensure 'Present' should return True" name="Testing cChocoPackageInstall loaded from cChocoPackageInstall.psm1.Package is installed with version 1.0.0.Test-TargetResource -ensure 'Present' should return True" time="0.1078" asserts="0" success="True" result="Success" executed="True" />
                  <test-case description="Test-TargetResource -ensure 'Absent' should return False" name="Testing cChocoPackageInstall loaded from cChocoPackageInstall.psm1.Package is installed with version 1.0.0.Test-TargetResource -ensure 'Absent' should return False" time="0.0262" asserts="0" success="True" result="Success" executed="True" />
                  <test-case description="Test-TargetResource -ensure 'Present' -version '1.0.0' should return True" name="Testing cChocoPackageInstall loaded from cChocoPackageInstall.psm1.Package is installed with version 1.0.0.Test-TargetResource -ensure 'Present' -version '1.0.0' should return True" time="0.0487" asserts="0" success="True" result="Success" executed="True" />
                  <test-case description="Test-TargetResource -ensure 'Present' -version '1.0.1' should return False" name="Testing cChocoPackageInstall loaded from cChocoPackageInstall.psm1.Package is installed with version 1.0.0.Test-TargetResource -ensure 'Present' -version '1.0.1' should return False" time="0.0694" asserts="0" success="True" result="Success" executed="True" />
                </results>
              </test-suite>
            </results>
          </test-suite>
        </results>
      </test-suite>
      <test-suite type="TestFixture" name="C:\projects\cchoco\tests\cChoco_ScriptAnalyzerTests.ps1" executed="True" result="Success" success="True" time="11.9275" asserts="0" description="C:\projects\cchoco\tests\cChoco_ScriptAnalyzerTests.ps1">
        <results>
          <test-suite type="TestFixture" name="Testing all Modules against default PSScriptAnalyzer rule-set" executed="True" result="Success" success="True" time="11.9275" asserts="0" description="Testing all Modules against default PSScriptAnalyzer rule-set">
            <results>
              <test-suite type="TestFixture" name="Testing Module 'C:\projects\cchoco\DSCResources\cChocoInstaller\cChocoInstaller.psm1'" executed="True" result="Success" success="True" time="6.6438" asserts="0" description="Testing Module 'C:\projects\cchoco\DSCResources\cChocoInstaller\cChocoInstaller.psm1'">
                <results>
                  <test-case description="passes the PSScriptAnalyzer Rule PSAvoidUsingCmdletAliases" name="Testing all Modules against default PSScriptAnalyzer rule-set.Testing Module 'C:\projects\cchoco\DSCResources\cChocoInstaller\cChocoInstaller.psm1'.passes the PSScriptAnalyzer Rule PSAvoidUsingCmdletAliases" time="0.5615" asserts="0" success="True" result="Success" executed="True" />
                  <test-case description="passes the PSScriptAnalyzer Rule PSAvoidDefaultValueSwitchParameter" name="Testing all Modules against default PSScriptAnalyzer rule-set.Testing Module 'C:\projects\cchoco\DSCResources\cChocoInstaller\cChocoInstaller.psm1'.passes the PSScriptAnalyzer Rule PSAvoidDefaultValueSwitchParameter" time="0.0513" asserts="0" success="True" result="Success" executed="True" />
                  <test-case description="passes the PSScriptAnalyzer Rule PSAvoidDefaultValueForMandatoryParameter" name="Testing all Modules against default PSScriptAnalyzer rule-set.Testing Module 'C:\projects\cchoco\DSCResources\cChocoInstaller\cChocoInstaller.psm1'.passes the PSScriptAnalyzer Rule PSAvoidDefaultValueForMandatoryParameter" time="0.0479" asserts="0" success="True" result="Success" executed="True" />
                  <test-case description="passes the PSScriptAnalyzer Rule PSAvoidUsingEmptyCatchBlock" name="Testing all Modules against default PSScriptAnalyzer rule-set.Testing Module 'C:\projects\cchoco\DSCResources\cChocoInstaller\cChocoInstaller.psm1'.passes the PSScriptAnalyzer Rule PSAvoidUsingEmptyCatchBlock" time="0.0422" asserts="0" success="True" result="Success" executed="True" />
                  <test-case description="passes the PSScriptAnalyzer Rule PSAvoidGlobalVars" name="Testing all Modules against default PSScriptAnalyzer rule-set.Testing Module 'C:\projects\cchoco\DSCResources\cChocoInstaller\cChocoInstaller.psm1'.passes the PSScriptAnalyzer Rule PSAvoidGlobalVars" time="0.0424" asserts="0" success="True" result="Success" executed="True" />
                  <test-case description="passes the PSScriptAnalyzer Rule PSAvoidInvokingEmptyMembers" name="Testing all Modules against default PSScriptAnalyzer rule-set.Testing Module 'C:\projects\cchoco\DSCResources\cChocoInstaller\cChocoInstaller.psm1'.passes the PSScriptAnalyzer Rule PSAvoidInvokingEmptyMembers" time="0.0433" asserts="0" success="True" result="Success" executed="True" />
                  <test-case description="passes the PSScriptAnalyzer Rule PSAvoidNullOrEmptyHelpMessageAttribute" name="Testing all Modules against default PSScriptAnalyzer rule-set.Testing Module 'C:\projects\cchoco\DSCResources\cChocoInstaller\cChocoInstaller.psm1'.passes the PSScriptAnalyzer Rule PSAvoidNullOrEmptyHelpMessageAttribute" time="0.0538" asserts="0" success="True" result="Success" executed="True" />
                  <test-case description="passes the PSScriptAnalyzer Rule PSAvoidUsingPositionalParameters" name="Testing all Modules against default PSScriptAnalyzer rule-set.Testing Module 'C:\projects\cchoco\DSCResources\cChocoInstaller\cChocoInstaller.psm1'.passes the PSScriptAnalyzer Rule PSAvoidUsingPositionalParameters" time="1.1913" asserts="0" success="True" result="Success" executed="True" />
                  <test-case description="passes the PSScriptAnalyzer Rule PSReservedCmdletChar" name="Testing all Modules against default PSScriptAnalyzer rule-set.Testing Module 'C:\projects\cchoco\DSCResources\cChocoInstaller\cChocoInstaller.psm1'.passes the PSScriptAnalyzer Rule PSReservedCmdletChar" time="0.3045" asserts="0" success="True" result="Success" executed="True" />
                  <test-case description="passes the PSScriptAnalyzer Rule PSReservedParams" name="Testing all Modules against default PSScriptAnalyzer rule-set.Testing Module 'C:\projects\cchoco\DSCResources\cChocoInstaller\cChocoInstaller.psm1'.passes the PSScriptAnalyzer Rule PSReservedParams" time="0.05" asserts="0" success="True" result="Success" executed="True" />
                  <test-case description="passes the PSScriptAnalyzer Rule PSAvoidShouldContinueWithoutForce" name="Testing all Modules against default PSScriptAnalyzer rule-set.Testing Module 'C:\projects\cchoco\DSCResources\cChocoInstaller\cChocoInstaller.psm1'.passes the PSScriptAnalyzer Rule PSAvoidShouldContinueWithoutForce" time="0.0782" asserts="0" success="True" result="Success" executed="True" />
                  <test-case description="passes the PSScriptAnalyzer Rule PSAvoidUsingUserNameAndPassWordParams" name="Testing all Modules against default PSScriptAnalyzer rule-set.Testing Module 'C:\projects\cchoco\DSCResources\cChocoInstaller\cChocoInstaller.psm1'.passes the PSScriptAnalyzer Rule PSAvoidUsingUserNameAndPassWordParams" time="0.0464" asserts="0" success="True" result="Success" executed="True" />
                  <test-case description="passes the PSScriptAnalyzer Rule PSAvoidUsingComputerNameHardcoded" name="Testing all Modules against default PSScriptAnalyzer rule-set.Testing Module 'C:\projects\cchoco\DSCResources\cChocoInstaller\cChocoInstaller.psm1'.passes the PSScriptAnalyzer Rule PSAvoidUsingComputerNameHardcoded" time="0.0487" asserts="0" success="True" result="Success" executed="True" />
                  <test-case description="passes the PSScriptAnalyzer Rule PSAvoidUsingConvertToSecureStringWithPlainText" name="Testing all Modules against default PSScriptAnalyzer rule-set.Testing Module 'C:\projects\cchoco\DSCResources\cChocoInstaller\cChocoInstaller.psm1'.passes the PSScriptAnalyzer Rule PSAvoidUsingConvertToSecureStringWithPlainText" time="0.0487" asserts="0" success="True" result="Success" executed="True" />
                  <test-case description="passes the PSScriptAnalyzer Rule PSAvoidUsingDeprecatedManifestFields" name="Testing all Modules against default PSScriptAnalyzer rule-set.Testing Module 'C:\projects\cchoco\DSCResources\cChocoInstaller\cChocoInstaller.psm1'.passes the PSScriptAnalyzer Rule PSAvoidUsingDeprecatedManifestFields" time="0.0496" asserts="0" success="True" result="Success" executed="True" />
                  <test-case description="passes the PSScriptAnalyzer Rule PSAvoidUsingInvokeExpression" name="Testing all Modules against default PSScriptAnalyzer rule-set.Testing Module 'C:\projects\cchoco\DSCResources\cChocoInstaller\cChocoInstaller.psm1'.passes the PSScriptAnalyzer Rule PSAvoidUsingInvokeExpression" time="0.0453" asserts="0" success="True" result="Success" executed="True" />
                  <test-case description="passes the PSScriptAnalyzer Rule PSAvoidUsingPlainTextForPassword" name="Testing all Modules against default PSScriptAnalyzer rule-set.Testing Module 'C:\projects\cchoco\DSCResources\cChocoInstaller\cChocoInstaller.psm1'.passes the PSScriptAnalyzer Rule PSAvoidUsingPlainTextForPassword" time="0.0828" asserts="0" success="True" result="Success" executed="True" />
                  <test-case description="passes the PSScriptAnalyzer Rule PSAvoidUsingWMICmdlet" name="Testing all Modules against default PSScriptAnalyzer rule-set.Testing Module 'C:\projects\cchoco\DSCResources\cChocoInstaller\cChocoInstaller.psm1'.passes the PSScriptAnalyzer Rule PSAvoidUsingWMICmdlet" time="0.0581" asserts="0" success="True" result="Success" executed="True" />
                  <test-case description="passes the PSScriptAnalyzer Rule PSAvoidUsingWriteHost" name="Testing all Modules against default PSScriptAnalyzer rule-set.Testing Module 'C:\projects\cchoco\DSCResources\cChocoInstaller\cChocoInstaller.psm1'.passes the PSScriptAnalyzer Rule PSAvoidUsingWriteHost" time="0.0442" asserts="0" success="True" result="Success" executed="True" />
                  <test-case description="passes the PSScriptAnalyzer Rule PSMisleadingBacktick" name="Testing all Modules against default PSScriptAnalyzer rule-set.Testing Module 'C:\projects\cchoco\DSCResources\cChocoInstaller\cChocoInstaller.psm1'.passes the PSScriptAnalyzer Rule PSMisleadingBacktick" time="0.0436" asserts="0" success="True" result="Success" executed="True" />
                  <test-case description="passes the PSScriptAnalyzer Rule PSMissingModuleManifestField" name="Testing all Modules against default PSScriptAnalyzer rule-set.Testing Module 'C:\projects\cchoco\DSCResources\cChocoInstaller\cChocoInstaller.psm1'.passes the PSScriptAnalyzer Rule PSMissingModuleManifestField" time="0.0432" asserts="0" success="True" result="Success" executed="True" />
                  <test-case description="passes the PSScriptAnalyzer Rule PSPossibleIncorrectComparisonWithNull" name="Testing all Modules against default PSScriptAnalyzer rule-set.Testing Module 'C:\projects\cchoco\DSCResources\cChocoInstaller\cChocoInstaller.psm1'.passes the PSScriptAnalyzer Rule PSPossibleIncorrectComparisonWithNull" time="0.0473" asserts="0" success="True" result="Success" executed="True" />
                  <test-case description="passes the PSScriptAnalyzer Rule PSProvideCommentHelp" name="Testing all Modules against default PSScriptAnalyzer rule-set.Testing Module 'C:\projects\cchoco\DSCResources\cChocoInstaller\cChocoInstaller.psm1'.passes the PSScriptAnalyzer Rule PSProvideCommentHelp" time="0.3872" asserts="0" success="True" result="Success" executed="True" />
                  <test-case description="passes the PSScriptAnalyzer Rule PSUseApprovedVerbs" name="Testing all Modules against default PSScriptAnalyzer rule-set.Testing Module 'C:\projects\cchoco\DSCResources\cChocoInstaller\cChocoInstaller.psm1'.passes the PSScriptAnalyzer Rule PSUseApprovedVerbs" time="0.5054" asserts="0" success="True" result="Success" executed="True" />
                  <test-case description="passes the PSScriptAnalyzer Rule PSUseBOMForUnicodeEncodedFile" name="Testing all Modules against default PSScriptAnalyzer rule-set.Testing Module 'C:\projects\cchoco\DSCResources\cChocoInstaller\cChocoInstaller.psm1'.passes the PSScriptAnalyzer Rule PSUseBOMForUnicodeEncodedFile" time="0.0761" asserts="0" success="True" result="Success" executed="True" />
                  <test-case description="passes the PSScriptAnalyzer Rule PSUseCmdletCorrectly" name="Testing all Modules against default PSScriptAnalyzer rule-set.Testing Module 'C:\projects\cchoco\DSCResources\cChocoInstaller\cChocoInstaller.psm1'.passes the PSScriptAnalyzer Rule PSUseCmdletCorrectly" time="1.302" asserts="0" success="True" result="Success" executed="True" />
                  <test-case description="passes the PSScriptAnalyzer Rule PSUseCompatibleCmdlets" name="Testing all Modules against default PSScriptAnalyzer rule-set.Testing Module 'C:\projects\cchoco\DSCResources\cChocoInstaller\cChocoInstaller.psm1'.passes the PSScriptAnalyzer Rule PSUseCompatibleCmdlets" time="0.0559" asserts="0" success="True" result="Success" executed="True" />
                  <test-case description="passes the PSScriptAnalyzer Rule PSUseDeclaredVarsMoreThanAssignments" name="Testing all Modules against default PSScriptAnalyzer rule-set.Testing Module 'C:\projects\cchoco\DSCResources\cChocoInstaller\cChocoInstaller.psm1'.passes the PSScriptAnalyzer Rule PSUseDeclaredVarsMoreThanAssignments" time="0.0522" asserts="0" success="True" result="Success" executed="True" />
                  <test-case description="passes the PSScriptAnalyzer Rule PSUseLiteralInitializerForHashtable" name="Testing all Modules against default PSScriptAnalyzer rule-set.Testing Module 'C:\projects\cchoco\DSCResources\cChocoInstaller\cChocoInstaller.psm1'.passes the PSScriptAnalyzer Rule PSUseLiteralInitializerForHashtable" time="0.0448" asserts="0" success="True" result="Success" executed="True" />
                  <test-case description="passes the PSScriptAnalyzer Rule PSUseOutputTypeCorrectly" name="Testing all Modules against default PSScriptAnalyzer rule-set.Testing Module 'C:\projects\cchoco\DSCResources\cChocoInstaller\cChocoInstaller.psm1'.passes the PSScriptAnalyzer Rule PSUseOutputTypeCorrectly" time="0.0485" asserts="0" success="True" result="Success" executed="True" />
                  <test-case description="passes the PSScriptAnalyzer Rule PSUsePSCredentialType" name="Testing all Modules against default PSScriptAnalyzer rule-set.Testing Module 'C:\projects\cchoco\DSCResources\cChocoInstaller\cChocoInstaller.psm1'.passes the PSScriptAnalyzer Rule PSUsePSCredentialType" time="0.045" asserts="0" success="True" result="Success" executed="True" />
                  <test-case description="passes the PSScriptAnalyzer Rule PSShouldProcess" name="Testing all Modules against default PSScriptAnalyzer rule-set.Testing Module 'C:\projects\cchoco\DSCResources\cChocoInstaller\cChocoInstaller.psm1'.passes the PSScriptAnalyzer Rule PSShouldProcess" time="0.5573" asserts="0" success="True" result="Success" executed="True" />
                  <test-case description="passes the PSScriptAnalyzer Rule PSUseShouldProcessForStateChangingFunctions" name="Testing all Modules against default PSScriptAnalyzer rule-set.Testing Module 'C:\projects\cchoco\DSCResources\cChocoInstaller\cChocoInstaller.psm1'.passes the PSScriptAnalyzer Rule PSUseShouldProcessForStateChangingFunctions" time="0.0564" asserts="0" success="True" result="Success" executed="True" />
                  <test-case description="passes the PSScriptAnalyzer Rule PSUseSingularNouns" name="Testing all Modules against default PSScriptAnalyzer rule-set.Testing Module 'C:\projects\cchoco\DSCResources\cChocoInstaller\cChocoInstaller.psm1'.passes the PSScriptAnalyzer Rule PSUseSingularNouns" time="0.0943" asserts="0" success="True" result="Success" executed="True" />
                  <test-case description="passes the PSScriptAnalyzer Rule PSUseToExportFieldsInManifest" name="Testing all Modules against default PSScriptAnalyzer rule-set.Testing Module 'C:\projects\cchoco\DSCResources\cChocoInstaller\cChocoInstaller.psm1'.passes the PSScriptAnalyzer Rule PSUseToExportFieldsInManifest" time="0.0435" asserts="0" success="True" result="Success" executed="True" />
                  <test-case description="passes the PSScriptAnalyzer Rule PSUseUTF8EncodingForHelpFile" name="Testing all Modules against default PSScriptAnalyzer rule-set.Testing Module 'C:\projects\cchoco\DSCResources\cChocoInstaller\cChocoInstaller.psm1'.passes the PSScriptAnalyzer Rule PSUseUTF8EncodingForHelpFile" time="0.0445" asserts="0" success="True" result="Success" executed="True" />
                  <test-case description="passes the PSScriptAnalyzer Rule PSDSCDscExamplesPresent" name="Testing all Modules against default PSScriptAnalyzer rule-set.Testing Module 'C:\projects\cchoco\DSCResources\cChocoInstaller\cChocoInstaller.psm1'.passes the PSScriptAnalyzer Rule PSDSCDscExamplesPresent" time="0.0406" asserts="0" success="True" result="Success" executed="True" />
                  <test-case description="passes the PSScriptAnalyzer Rule PSDSCDscTestsPresent" name="Testing all Modules against default PSScriptAnalyzer rule-set.Testing Module 'C:\projects\cchoco\DSCResources\cChocoInstaller\cChocoInstaller.psm1'.passes the PSScriptAnalyzer Rule PSDSCDscTestsPresent" time="0.0399" asserts="0" success="True" result="Success" executed="True" />
                  <test-case description="passes the PSScriptAnalyzer Rule PSDSCReturnCorrectTypesForDSCFunctions" name="Testing all Modules against default PSScriptAnalyzer rule-set.Testing Module 'C:\projects\cchoco\DSCResources\cChocoInstaller\cChocoInstaller.psm1'.passes the PSScriptAnalyzer Rule PSDSCReturnCorrectTypesForDSCFunctions" time="0.0469" asserts="0" success="True" result="Success" executed="True" />
                  <test-case description="passes the PSScriptAnalyzer Rule PSDSCUseIdenticalMandatoryParametersForDSC" name="Testing all Modules against default PSScriptAnalyzer rule-set.Testing Module 'C:\projects\cchoco\DSCResources\cChocoInstaller\cChocoInstaller.psm1'.passes the PSScriptAnalyzer Rule PSDSCUseIdenticalMandatoryParametersForDSC" time="0.0467" asserts="0" success="True" result="Success" executed="True" />
                  <test-case description="passes the PSScriptAnalyzer Rule PSDSCUseIdenticalParametersForDSC" name="Testing all Modules against default PSScriptAnalyzer rule-set.Testing Module 'C:\projects\cchoco\DSCResources\cChocoInstaller\cChocoInstaller.psm1'.passes the PSScriptAnalyzer Rule PSDSCUseIdenticalParametersForDSC" time="0.043" asserts="0" success="True" result="Success" executed="True" />
                  <test-case description="passes the PSScriptAnalyzer Rule PSDSCStandardDSCFunctionsInResource" name="Testing all Modules against default PSScriptAnalyzer rule-set.Testing Module 'C:\projects\cchoco\DSCResources\cChocoInstaller\cChocoInstaller.psm1'.passes the PSScriptAnalyzer Rule PSDSCStandardDSCFunctionsInResource" time="0.0474" asserts="0" success="True" result="Success" executed="True" />
                  <test-case description="passes the PSScriptAnalyzer Rule PSDSCUseVerboseMessageInDSCResource" name="Testing all Modules against default PSScriptAnalyzer rule-set.Testing Module 'C:\projects\cchoco\DSCResources\cChocoInstaller\cChocoInstaller.psm1'.passes the PSScriptAnalyzer Rule PSDSCUseVerboseMessageInDSCResource" time="0.0419" asserts="0" success="True" result="Success" executed="True" />
                </results>
              </test-suite>
              <test-suite type="TestFixture" name="Testing Module 'C:\projects\cchoco\DSCResources\cChocoPackageInstall\cChocoPackageInstall.psm1'" executed="True" result="Success" success="True" time="5.2837" asserts="0" description="Testing Module 'C:\projects\cchoco\DSCResources\cChocoPackageInstall\cChocoPackageInstall.psm1'">
                <results>
                  <test-case description="passes the PSScriptAnalyzer Rule PSAvoidUsingCmdletAliases" name="Testing all Modules against default PSScriptAnalyzer rule-set.Testing Module 'C:\projects\cchoco\DSCResources\cChocoPackageInstall\cChocoPackageInstall.psm1'.passes the PSScriptAnalyzer Rule PSAvoidUsingCmdletAliases" time="0.0633" asserts="0" success="True" result="Success" executed="True" />
                  <test-case description="passes the PSScriptAnalyzer Rule PSAvoidDefaultValueSwitchParameter" name="Testing all Modules against default PSScriptAnalyzer rule-set.Testing Module 'C:\projects\cchoco\DSCResources\cChocoPackageInstall\cChocoPackageInstall.psm1'.passes the PSScriptAnalyzer Rule PSAvoidDefaultValueSwitchParameter" time="0.0441" asserts="0" success="True" result="Success" executed="True" />
                  <test-case description="passes the PSScriptAnalyzer Rule PSAvoidDefaultValueForMandatoryParameter" name="Testing all Modules against default PSScriptAnalyzer rule-set.Testing Module 'C:\projects\cchoco\DSCResources\cChocoPackageInstall\cChocoPackageInstall.psm1'.passes the PSScriptAnalyzer Rule PSAvoidDefaultValueForMandatoryParameter" time="0.0471" asserts="0" success="True" result="Success" executed="True" />
                  <test-case description="passes the PSScriptAnalyzer Rule PSAvoidUsingEmptyCatchBlock" name="Testing all Modules against default PSScriptAnalyzer rule-set.Testing Module 'C:\projects\cchoco\DSCResources\cChocoPackageInstall\cChocoPackageInstall.psm1'.passes the PSScriptAnalyzer Rule PSAvoidUsingEmptyCatchBlock" time="0.0463" asserts="0" success="True" result="Success" executed="True" />
                  <test-case description="passes the PSScriptAnalyzer Rule PSAvoidGlobalVars" name="Testing all Modules against default PSScriptAnalyzer rule-set.Testing Module 'C:\projects\cchoco\DSCResources\cChocoPackageInstall\cChocoPackageInstall.psm1'.passes the PSScriptAnalyzer Rule PSAvoidGlobalVars" time="0.0456" asserts="0" success="True" result="Success" executed="True" />
                  <test-case description="passes the PSScriptAnalyzer Rule PSAvoidInvokingEmptyMembers" name="Testing all Modules against default PSScriptAnalyzer rule-set.Testing Module 'C:\projects\cchoco\DSCResources\cChocoPackageInstall\cChocoPackageInstall.psm1'.passes the PSScriptAnalyzer Rule PSAvoidInvokingEmptyMembers" time="0.0449" asserts="0" success="True" result="Success" executed="True" />
                  <test-case description="passes the PSScriptAnalyzer Rule PSAvoidNullOrEmptyHelpMessageAttribute" name="Testing all Modules against default PSScriptAnalyzer rule-set.Testing Module 'C:\projects\cchoco\DSCResources\cChocoPackageInstall\cChocoPackageInstall.psm1'.passes the PSScriptAnalyzer Rule PSAvoidNullOrEmptyHelpMessageAttribute" time="0.0606" asserts="0" success="True" result="Success" executed="True" />
                  <test-case description="passes the PSScriptAnalyzer Rule PSAvoidUsingPositionalParameters" name="Testing all Modules against default PSScriptAnalyzer rule-set.Testing Module 'C:\projects\cchoco\DSCResources\cChocoPackageInstall\cChocoPackageInstall.psm1'.passes the PSScriptAnalyzer Rule PSAvoidUsingPositionalParameters" time="1.3161" asserts="0" success="True" result="Success" executed="True" />
                  <test-case description="passes the PSScriptAnalyzer Rule PSReservedCmdletChar" name="Testing all Modules against default PSScriptAnalyzer rule-set.Testing Module 'C:\projects\cchoco\DSCResources\cChocoPackageInstall\cChocoPackageInstall.psm1'.passes the PSScriptAnalyzer Rule PSReservedCmdletChar" time="0.2837" asserts="0" success="True" result="Success" executed="True" />
                  <test-case description="passes the PSScriptAnalyzer Rule PSReservedParams" name="Testing all Modules against default PSScriptAnalyzer rule-set.Testing Module 'C:\projects\cchoco\DSCResources\cChocoPackageInstall\cChocoPackageInstall.psm1'.passes the PSScriptAnalyzer Rule PSReservedParams" time="0.0429" asserts="0" success="True" result="Success" executed="True" />
                  <test-case description="passes the PSScriptAnalyzer Rule PSAvoidShouldContinueWithoutForce" name="Testing all Modules against default PSScriptAnalyzer rule-set.Testing Module 'C:\projects\cchoco\DSCResources\cChocoPackageInstall\cChocoPackageInstall.psm1'.passes the PSScriptAnalyzer Rule PSAvoidShouldContinueWithoutForce" time="0.0435" asserts="0" success="True" result="Success" executed="True" />
                  <test-case description="passes the PSScriptAnalyzer Rule PSAvoidUsingUserNameAndPassWordParams" name="Testing all Modules against default PSScriptAnalyzer rule-set.Testing Module 'C:\projects\cchoco\DSCResources\cChocoPackageInstall\cChocoPackageInstall.psm1'.passes the PSScriptAnalyzer Rule PSAvoidUsingUserNameAndPassWordParams" time="0.0551" asserts="0" success="True" result="Success" executed="True" />
                  <test-case description="passes the PSScriptAnalyzer Rule PSAvoidUsingComputerNameHardcoded" name="Testing all Modules against default PSScriptAnalyzer rule-set.Testing Module 'C:\projects\cchoco\DSCResources\cChocoPackageInstall\cChocoPackageInstall.psm1'.passes the PSScriptAnalyzer Rule PSAvoidUsingComputerNameHardcoded" time="0.0489" asserts="0" success="True" result="Success" executed="True" />
                  <test-case description="passes the PSScriptAnalyzer Rule PSAvoidUsingConvertToSecureStringWithPlainText" name="Testing all Modules against default PSScriptAnalyzer rule-set.Testing Module 'C:\projects\cchoco\DSCResources\cChocoPackageInstall\cChocoPackageInstall.psm1'.passes the PSScriptAnalyzer Rule PSAvoidUsingConvertToSecureStringWithPlainText" time="0.0491" asserts="0" success="True" result="Success" executed="True" />
                  <test-case description="passes the PSScriptAnalyzer Rule PSAvoidUsingDeprecatedManifestFields" name="Testing all Modules against default PSScriptAnalyzer rule-set.Testing Module 'C:\projects\cchoco\DSCResources\cChocoPackageInstall\cChocoPackageInstall.psm1'.passes the PSScriptAnalyzer Rule PSAvoidUsingDeprecatedManifestFields" time="0.042" asserts="0" success="True" result="Success" executed="True" />
                  <test-case description="passes the PSScriptAnalyzer Rule PSAvoidUsingInvokeExpression" name="Testing all Modules against default PSScriptAnalyzer rule-set.Testing Module 'C:\projects\cchoco\DSCResources\cChocoPackageInstall\cChocoPackageInstall.psm1'.passes the PSScriptAnalyzer Rule PSAvoidUsingInvokeExpression" time="0.0472" asserts="0" success="True" result="Success" executed="True" />
                  <test-case description="passes the PSScriptAnalyzer Rule PSAvoidUsingPlainTextForPassword" name="Testing all Modules against default PSScriptAnalyzer rule-set.Testing Module 'C:\projects\cchoco\DSCResources\cChocoPackageInstall\cChocoPackageInstall.psm1'.passes the PSScriptAnalyzer Rule PSAvoidUsingPlainTextForPassword" time="0.0434" asserts="0" success="True" result="Success" executed="True" />
                  <test-case description="passes the PSScriptAnalyzer Rule PSAvoidUsingWMICmdlet" name="Testing all Modules against default PSScriptAnalyzer rule-set.Testing Module 'C:\projects\cchoco\DSCResources\cChocoPackageInstall\cChocoPackageInstall.psm1'.passes the PSScriptAnalyzer Rule PSAvoidUsingWMICmdlet" time="0.0439" asserts="0" success="True" result="Success" executed="True" />
                  <test-case description="passes the PSScriptAnalyzer Rule PSAvoidUsingWriteHost" name="Testing all Modules against default PSScriptAnalyzer rule-set.Testing Module 'C:\projects\cchoco\DSCResources\cChocoPackageInstall\cChocoPackageInstall.psm1'.passes the PSScriptAnalyzer Rule PSAvoidUsingWriteHost" time="0.0473" asserts="0" success="True" result="Success" executed="True" />
                  <test-case description="passes the PSScriptAnalyzer Rule PSMisleadingBacktick" name="Testing all Modules against default PSScriptAnalyzer rule-set.Testing Module 'C:\projects\cchoco\DSCResources\cChocoPackageInstall\cChocoPackageInstall.psm1'.passes the PSScriptAnalyzer Rule PSMisleadingBacktick" time="0.0426" asserts="0" success="True" result="Success" executed="True" />
                  <test-case description="passes the PSScriptAnalyzer Rule PSMissingModuleManifestField" name="Testing all Modules against default PSScriptAnalyzer rule-set.Testing Module 'C:\projects\cchoco\DSCResources\cChocoPackageInstall\cChocoPackageInstall.psm1'.passes the PSScriptAnalyzer Rule PSMissingModuleManifestField" time="0.0425" asserts="0" success="True" result="Success" executed="True" />
                  <test-case description="passes the PSScriptAnalyzer Rule PSPossibleIncorrectComparisonWithNull" name="Testing all Modules against default PSScriptAnalyzer rule-set.Testing Module 'C:\projects\cchoco\DSCResources\cChocoPackageInstall\cChocoPackageInstall.psm1'.passes the PSScriptAnalyzer Rule PSPossibleIncorrectComparisonWithNull" time="0.044" asserts="0" success="True" result="Success" executed="True" />
                  <test-case description="passes the PSScriptAnalyzer Rule PSProvideCommentHelp" name="Testing all Modules against default PSScriptAnalyzer rule-set.Testing Module 'C:\projects\cchoco\DSCResources\cChocoPackageInstall\cChocoPackageInstall.psm1'.passes the PSScriptAnalyzer Rule PSProvideCommentHelp" time="0.2984" asserts="0" success="True" result="Success" executed="True" />
                  <test-case description="passes the PSScriptAnalyzer Rule PSUseApprovedVerbs" name="Testing all Modules against default PSScriptAnalyzer rule-set.Testing Module 'C:\projects\cchoco\DSCResources\cChocoPackageInstall\cChocoPackageInstall.psm1'.passes the PSScriptAnalyzer Rule PSUseApprovedVerbs" time="0.0497" asserts="0" success="True" result="Success" executed="True" />
                  <test-case description="passes the PSScriptAnalyzer Rule PSUseBOMForUnicodeEncodedFile" name="Testing all Modules against default PSScriptAnalyzer rule-set.Testing Module 'C:\projects\cchoco\DSCResources\cChocoPackageInstall\cChocoPackageInstall.psm1'.passes the PSScriptAnalyzer Rule PSUseBOMForUnicodeEncodedFile" time="0.0424" asserts="0" success="True" result="Success" executed="True" />
                  <test-case description="passes the PSScriptAnalyzer Rule PSUseCmdletCorrectly" name="Testing all Modules against default PSScriptAnalyzer rule-set.Testing Module 'C:\projects\cchoco\DSCResources\cChocoPackageInstall\cChocoPackageInstall.psm1'.passes the PSScriptAnalyzer Rule PSUseCmdletCorrectly" time="1.2832" asserts="0" success="True" result="Success" executed="True" />
                  <test-case description="passes the PSScriptAnalyzer Rule PSUseCompatibleCmdlets" name="Testing all Modules against default PSScriptAnalyzer rule-set.Testing Module 'C:\projects\cchoco\DSCResources\cChocoPackageInstall\cChocoPackageInstall.psm1'.passes the PSScriptAnalyzer Rule PSUseCompatibleCmdlets" time="0.0435" asserts="0" success="True" result="Success" executed="True" />
                  <test-case description="passes the PSScriptAnalyzer Rule PSUseDeclaredVarsMoreThanAssignments" name="Testing all Modules against default PSScriptAnalyzer rule-set.Testing Module 'C:\projects\cchoco\DSCResources\cChocoPackageInstall\cChocoPackageInstall.psm1'.passes the PSScriptAnalyzer Rule PSUseDeclaredVarsMoreThanAssignments" time="0.0432" asserts="0" success="True" result="Success" executed="True" />
                  <test-case description="passes the PSScriptAnalyzer Rule PSUseLiteralInitializerForHashtable" name="Testing all Modules against default PSScriptAnalyzer rule-set.Testing Module 'C:\projects\cchoco\DSCResources\cChocoPackageInstall\cChocoPackageInstall.psm1'.passes the PSScriptAnalyzer Rule PSUseLiteralInitializerForHashtable" time="0.0452" asserts="0" success="True" result="Success" executed="True" />
                  <test-case description="passes the PSScriptAnalyzer Rule PSUseOutputTypeCorrectly" name="Testing all Modules against default PSScriptAnalyzer rule-set.Testing Module 'C:\projects\cchoco\DSCResources\cChocoPackageInstall\cChocoPackageInstall.psm1'.passes the PSScriptAnalyzer Rule PSUseOutputTypeCorrectly" time="0.0442" asserts="0" success="True" result="Success" executed="True" />
                  <test-case description="passes the PSScriptAnalyzer Rule PSUsePSCredentialType" name="Testing all Modules against default PSScriptAnalyzer rule-set.Testing Module 'C:\projects\cchoco\DSCResources\cChocoPackageInstall\cChocoPackageInstall.psm1'.passes the PSScriptAnalyzer Rule PSUsePSCredentialType" time="0.0451" asserts="0" success="True" result="Success" executed="True" />
                  <test-case description="passes the PSScriptAnalyzer Rule PSShouldProcess" name="Testing all Modules against default PSScriptAnalyzer rule-set.Testing Module 'C:\projects\cchoco\DSCResources\cChocoPackageInstall\cChocoPackageInstall.psm1'.passes the PSScriptAnalyzer Rule PSShouldProcess" time="0.3402" asserts="0" success="True" result="Success" executed="True" />
                  <test-case description="passes the PSScriptAnalyzer Rule PSUseShouldProcessForStateChangingFunctions" name="Testing all Modules against default PSScriptAnalyzer rule-set.Testing Module 'C:\projects\cchoco\DSCResources\cChocoPackageInstall\cChocoPackageInstall.psm1'.passes the PSScriptAnalyzer Rule PSUseShouldProcessForStateChangingFunctions" time="0.0484" asserts="0" success="True" result="Success" executed="True" />
                  <test-case description="passes the PSScriptAnalyzer Rule PSUseSingularNouns" name="Testing all Modules against default PSScriptAnalyzer rule-set.Testing Module 'C:\projects\cchoco\DSCResources\cChocoPackageInstall\cChocoPackageInstall.psm1'.passes the PSScriptAnalyzer Rule PSUseSingularNouns" time="0.0451" asserts="0" success="True" result="Success" executed="True" />
                  <test-case description="passes the PSScriptAnalyzer Rule PSUseToExportFieldsInManifest" name="Testing all Modules against default PSScriptAnalyzer rule-set.Testing Module 'C:\projects\cchoco\DSCResources\cChocoPackageInstall\cChocoPackageInstall.psm1'.passes the PSScriptAnalyzer Rule PSUseToExportFieldsInManifest" time="0.0415" asserts="0" success="True" result="Success" executed="True" />
                  <test-case description="passes the PSScriptAnalyzer Rule PSUseUTF8EncodingForHelpFile" name="Testing all Modules against default PSScriptAnalyzer rule-set.Testing Module 'C:\projects\cchoco\DSCResources\cChocoPackageInstall\cChocoPackageInstall.psm1'.passes the PSScriptAnalyzer Rule PSUseUTF8EncodingForHelpFile" time="0.046" asserts="0" success="True" result="Success" executed="True" />
                  <test-case description="passes the PSScriptAnalyzer Rule PSDSCDscExamplesPresent" name="Testing all Modules against default PSScriptAnalyzer rule-set.Testing Module 'C:\projects\cchoco\DSCResources\cChocoPackageInstall\cChocoPackageInstall.psm1'.passes the PSScriptAnalyzer Rule PSDSCDscExamplesPresent" time="0.0428" asserts="0" success="True" result="Success" executed="True" />
                  <test-case description="passes the PSScriptAnalyzer Rule PSDSCDscTestsPresent" name="Testing all Modules against default PSScriptAnalyzer rule-set.Testing Module 'C:\projects\cchoco\DSCResources\cChocoPackageInstall\cChocoPackageInstall.psm1'.passes the PSScriptAnalyzer Rule PSDSCDscTestsPresent" time="0.0437" asserts="0" success="True" result="Success" executed="True" />
                  <test-case description="passes the PSScriptAnalyzer Rule PSDSCReturnCorrectTypesForDSCFunctions" name="Testing all Modules against default PSScriptAnalyzer rule-set.Testing Module 'C:\projects\cchoco\DSCResources\cChocoPackageInstall\cChocoPackageInstall.psm1'.passes the PSScriptAnalyzer Rule PSDSCReturnCorrectTypesForDSCFunctions" time="0.0451" asserts="0" success="True" result="Success" executed="True" />
                  <test-case description="passes the PSScriptAnalyzer Rule PSDSCUseIdenticalMandatoryParametersForDSC" name="Testing all Modules against default PSScriptAnalyzer rule-set.Testing Module 'C:\projects\cchoco\DSCResources\cChocoPackageInstall\cChocoPackageInstall.psm1'.passes the PSScriptAnalyzer Rule PSDSCUseIdenticalMandatoryParametersForDSC" time="0.0516" asserts="0" success="True" result="Success" executed="True" />
                  <test-case description="passes the PSScriptAnalyzer Rule PSDSCUseIdenticalParametersForDSC" name="Testing all Modules against default PSScriptAnalyzer rule-set.Testing Module 'C:\projects\cchoco\DSCResources\cChocoPackageInstall\cChocoPackageInstall.psm1'.passes the PSScriptAnalyzer Rule PSDSCUseIdenticalParametersForDSC" time="0.0509" asserts="0" success="True" result="Success" executed="True" />
                  <test-case description="passes the PSScriptAnalyzer Rule PSDSCStandardDSCFunctionsInResource" name="Testing all Modules against default PSScriptAnalyzer rule-set.Testing Module 'C:\projects\cchoco\DSCResources\cChocoPackageInstall\cChocoPackageInstall.psm1'.passes the PSScriptAnalyzer Rule PSDSCStandardDSCFunctionsInResource" time="0.0434" asserts="0" success="True" result="Success" executed="True" />
                  <test-case description="passes the PSScriptAnalyzer Rule PSDSCUseVerboseMessageInDSCResource" name="Testing all Modules against default PSScriptAnalyzer rule-set.Testing Module 'C:\projects\cchoco\DSCResources\cChocoPackageInstall\cChocoPackageInstall.psm1'.passes the PSScriptAnalyzer Rule PSDSCUseVerboseMessageInDSCResource" time="0.0459" asserts="0" success="True" result="Success" executed="True" />
                </results>
              </test-suite>
            </results>
          </test-suite>
        </results>
      </test-suite>
      <test-suite type="TestFixture" name="C:\projects\cchoco\tests\cChoco_xDscResourceTests.ps1" executed="True" result="Success" success="True" time="4.8443" asserts="0" description="C:\projects\cchoco\tests\cChoco_xDscResourceTests.ps1">
        <results>
          <test-suite type="TestFixture" name="Testing all DSC resources using xDscResource designer." executed="True" result="Success" success="True" time="4.8443" asserts="0" description="Testing all DSC resources using xDscResource designer.">
            <results>
              <test-suite type="TestFixture" name="Testing DscResource 'cChocoInstaller' using Test-xDscResource" executed="True" result="Success" success="True" time="2.6252" asserts="0" description="Testing DscResource 'cChocoInstaller' using Test-xDscResource">
                <results>
                  <test-case description="Test-xDscResource should return $true" name="Testing all DSC resources using xDscResource designer..Testing DscResource 'cChocoInstaller' using Test-xDscResource.Test-xDscResource should return $true" time="2.6252" asserts="0" success="True" result="Success" executed="True" />
                </results>
              </test-suite>
              <test-suite type="TestFixture" name="Testing DscSchema 'cChocoInstaller' using Test-xDscSchema" executed="True" result="Success" success="True" time="0.073" asserts="0" description="Testing DscSchema 'cChocoInstaller' using Test-xDscSchema">
                <results>
                  <test-case description="Test-xDscSchema should return true" name="Testing all DSC resources using xDscResource designer..Testing DscSchema 'cChocoInstaller' using Test-xDscSchema.Test-xDscSchema should return true" time="0.073" asserts="0" success="True" result="Success" executed="True" />
                </results>
              </test-suite>
              <test-suite type="TestFixture" name="Testing DscResource 'cChocoPackageInstall' using Test-xDscResource" executed="True" result="Success" success="True" time="0.8975" asserts="0" description="Testing DscResource 'cChocoPackageInstall' using Test-xDscResource">
                <results>
                  <test-case description="Test-xDscResource should return $true" name="Testing all DSC resources using xDscResource designer..Testing DscResource 'cChocoPackageInstall' using Test-xDscResource.Test-xDscResource should return $true" time="0.8975" asserts="0" success="True" result="Success" executed="True" />
                </results>
              </test-suite>
              <test-suite type="TestFixture" name="Testing DscSchema 'cChocoPackageInstall' using Test-xDscSchema" executed="True" result="Success" success="True" time="0.1818" asserts="0" description="Testing DscSchema 'cChocoPackageInstall' using Test-xDscSchema">
                <results>
                  <test-case description="Test-xDscSchema should return true" name="Testing all DSC resources using xDscResource designer..Testing DscSchema 'cChocoPackageInstall' using Test-xDscSchema.Test-xDscSchema should return true" time="0.1818" asserts="0" success="True" result="Success" executed="True" />
                </results>
              </test-suite>
              <test-suite type="TestFixture" name="Testing DscResource 'cChocoSource' using Test-xDscResource" executed="True" result="Success" success="True" time="0.9885" asserts="0" description="Testing DscResource 'cChocoSource' using Test-xDscResource">
                <results>
                  <test-case description="Test-xDscResource should return $true" name="Testing all DSC resources using xDscResource designer..Testing DscResource 'cChocoSource' using Test-xDscResource.Test-xDscResource should return $true" time="0.9885" asserts="0" success="True" result="Success" executed="True" />
                </results>
              </test-suite>
              <test-suite type="TestFixture" name="Testing DscSchema 'cChocoSource' using Test-xDscSchema" executed="True" result="Success" success="True" time="0.0784" asserts="0" description="Testing DscSchema 'cChocoSource' using Test-xDscSchema">
                <results>
                  <test-case description="Test-xDscSchema should return true" name="Testing all DSC resources using xDscResource designer..Testing DscSchema 'cChocoSource' using Test-xDscSchema.Test-xDscSchema should return true" time="0.0784" asserts="0" success="True" result="Success" executed="True" />
                </results>
              </test-suite>
            </results>
          </test-suite>
        </results>
      </test-suite>
    </results>
  </test-suite>
</test-results>